<?xml version="1.0" encoding="UTF-8"?>
<!-- Generated by org.testng.reporters.JUnitReportReporter -->
<testsuite hostname="INL-7TVF2G2" name="com.testng.InvocationCountTest" tests="10" failures="0" timestamp="3 Mar 2019 09:02:15 GMT" time="0.017" errors="0">
  <testcase name="sum" time="0.015" classname="com.testng.InvocationCountTest"/>
  <testcase name="sum" time="0.000" classname="com.testng.InvocationCountTest"/>
  <testcase name="sum" time="0.000" classname="com.testng.InvocationCountTest"/>
  <testcase name="sum" time="0.000" classname="com.testng.InvocationCountTest"/>
  <testcase name="sum" time="0.000" classname="com.testng.InvocationCountTest"/>
  <testcase name="sum" time="0.002" classname="com.testng.InvocationCountTest"/>
  <testcase name="sum" time="0.000" classname="com.testng.InvocationCountTest"/>
  <testcase name="sum" time="0.000" classname="com.testng.InvocationCountTest"/>
  <testcase name="sum" time="0.000" classname="com.testng.InvocationCountTest"/>
  <testcase name="sum" time="0.000" classname="com.testng.InvocationCountTest"/>
</testsuite> <!-- com.testng.InvocationCountTest -->
