<?xml version="1.0" encoding="UTF-8"?>
<!-- Generated by org.testng.reporters.JUnitReportReporter -->
<testsuite hostname="INL-7TVF2G2" name="com.testng.TestNGFeatures" tests="4" failures="0" timestamp="3 Mar 2019 08:59:11 GMT" time="0.023" errors="0">
  <testcase name="loginTest" time="0.015" classname="com.testng.TestNGFeatures"/>
  <testcase name="homeTest" time="0.003" classname="com.testng.TestNGFeatures"/>
  <testcase name="registration" time="0.002" classname="com.testng.TestNGFeatures"/>
  <testcase name="searchPage" time="0.003" classname="com.testng.TestNGFeatures"/>
</testsuite> <!-- com.testng.TestNGFeatures -->
