<?xml version="1.0" encoding="UTF-8"?>
<!-- Generated by org.testng.reporters.JUnitReportReporter -->
<testsuite hostname="INL-7TVF2G2" name="com.testng.GoogleTest" tests="6" failures="0" timestamp="3 Mar 2019 08:46:48 GMT" time="62.916" errors="0">
  <testcase name="mail" time="8.302" classname="com.testng.GoogleTest"/>
  <testcase name="test2" time="12.820" classname="com.testng.GoogleTest"/>
  <testcase name="test1" time="12.412" classname="com.testng.GoogleTest"/>
  <testcase name="test3" time="12.379" classname="com.testng.GoogleTest"/>
  <testcase name="googleLogoTest" time="8.750" classname="com.testng.GoogleTest"/>
  <testcase name="googleTitleTest" time="8.253" classname="com.testng.GoogleTest"/>
</testsuite> <!-- com.testng.GoogleTest -->
