<?xml version="1.0" encoding="UTF-8"?>
<!-- Generated by org.testng.reporters.JUnitReportReporter -->
<testsuite hostname="INL-7TVF2G2" name="com.testng.GoogleTitleTest" tests="2" failures="0" timestamp="6 Jan 2019 11:49:56 GMT" time="22.667" errors="0">
  <testcase name="googleLogoTest" time="14.925" classname="com.testng.GoogleTitleTest"/>
  <testcase name="googleTitleTest" time="7.742" classname="com.testng.GoogleTitleTest"/>
</testsuite> <!-- com.testng.GoogleTitleTest -->
