<?xml version="1.0" encoding="UTF-8"?>
<!-- Generated by org.testng.reporters.JUnitReportReporter -->
<testsuite hostname="INL-7TVF2G2" name="naveenSessions.DownloadFileConcept" tests="1" failures="0" timestamp="22 Dec 2018 11:37:58 GMT" time="30.572" errors="0">
  <testcase name="test" time="30.572" classname="naveenSessions.DownloadFileConcept"/>
</testsuite> <!-- naveenSessions.DownloadFileConcept -->
