<?xml version="1.0" encoding="UTF-8"?>
<!-- Generated by org.testng.reporters.JUnitReportReporter -->
<testsuite hostname="INL-7TVF2G2" name="com.testng.TestNGBasics" tests="3" failures="0" timestamp="3 Mar 2019 06:34:24 GMT" time="0.009" errors="0">
  <testcase name="searchTest" time="0.002" classname="com.testng.TestNGBasics"/>
  <testcase name="googleLogoTest" time="0.006" classname="com.testng.TestNGBasics"/>
  <testcase name="googleTitle" time="0.001" classname="com.testng.TestNGBasics"/>
</testsuite> <!-- com.testng.TestNGBasics -->
