<?xml version="1.0" encoding="UTF-8"?>
<!-- Generated by org.testng.reporters.JUnitReportReporter -->
<testsuite hostname="INL-7TVF2G2" name="com.Parameters.ParameterTest" tests="1" failures="0" timestamp="6 Jan 2019 13:07:01 GMT" time="39.804" errors="0">
  <testcase name="test" time="39.804" classname="com.Parameters.ParameterTest"/>
</testsuite> <!-- com.Parameters.ParameterTest -->
