<?xml version="1.0" encoding="UTF-8"?>
<!-- Generated by org.testng.reporters.JUnitReportReporter -->
<testsuite hostname="INL-7TVF2G2" name="test.HrmAutoamtedTest" tests="1" failures="0" timestamp="21 Jun 2018 12:47:26 GMT" time="28.496" errors="0">
  <testcase name="main" time="28.496" classname="test.HrmAutoamtedTest"/>
</testsuite> <!-- test.HrmAutoamtedTest -->
